<?xml version="1.0" encoding="UTF-8"?>
<!-- Generated by org.testng.reporters.JUnitReportReporter -->
<testsuite hostname="del1-lhp-n69926" failures="0" tests="1" name="dempBlazeTest.PlacrOrderPageTest" time="12.630" errors="0" timestamp="2022-02-21T16:09:51 IST" skipped="0">
  <testcase classname="dempBlazeTest.PlacrOrderPageTest" name="fillOrderForm" time="12.630"/>
  <system-out/>
</testsuite> <!-- dempBlazeTest.PlacrOrderPageTest -->
