<?xml version="1.0" encoding="UTF-8"?>
<!-- Generated by org.testng.reporters.JUnitReportReporter -->
<testsuite hostname="del1-lhp-n69926" failures="0" tests="1" name="dempBlazeTest.HomePageTest" time="15.757" errors="0" timestamp="2022-02-21T13:00:47 IST" skipped="0">
  <testcase classname="dempBlazeTest.HomePageTest" name="scroll" time="15.757"/>
  <system-out/>
</testsuite> <!-- dempBlazeTest.HomePageTest -->
