<?xml version="1.0" encoding="UTF-8"?>
<!-- Generated by org.testng.reporters.JUnitReportReporter -->
<testsuite hostname="del1-lhp-n69926" failures="0" tests="1" name="dempBlazeTest.ProductAddPageTest" time="17.682" errors="0" timestamp="2022-02-21T19:26:13 IST" skipped="0">
  <testcase classname="dempBlazeTest.ProductAddPageTest" name="placeOrder" time="17.682"/>
  <system-out/>
</testsuite> <!-- dempBlazeTest.ProductAddPageTest -->
