<?xml version="1.0" encoding="UTF-8"?>
<!-- Generated by org.testng.reporters.JUnitReportReporter -->
<testsuite hostname="del1-lhp-n69926" failures="0" tests="1" name="dempBlazeTest.LogInPageTest" time="11.402" errors="0" timestamp="2022-02-22T10:39:56 IST" skipped="0">
  <testcase classname="dempBlazeTest.LogInPageTest" name="loginTest" time="11.402"/>
  <system-out/>
</testsuite> <!-- dempBlazeTest.LogInPageTest -->
