<?xml version="1.0" encoding="UTF-8"?>
<!-- Generated by org.testng.reporters.JUnitReportReporter -->
<testsuite hostname="del1-lhp-n69926" failures="0" tests="3" name="dempBlazeTest.SignUpPageTest" time="17.498" errors="0" timestamp="2022-02-21T12:33:36 IST" skipped="0">
  <testcase classname="dempBlazeTest.SignUpPageTest" name="signUpForm" time="6.121"/>
  <system-out/>
  <testcase classname="dempBlazeTest.SignUpPageTest" name="signUpForm" time="5.515"/>
  <system-out/>
  <testcase classname="dempBlazeTest.SignUpPageTest" name="signUpForm" time="5.862"/>
  <system-out/>
</testsuite> <!-- dempBlazeTest.SignUpPageTest -->
